[2026-03-10T11:12:14.745][INFO][WEBSOCKET] [session=0f383b26-5afd-4bf5-bfdd-671f9da1b76a] Session '0f383b26-5afd-4bf5-bfdd-671f9da1b76a' not currently active. Checking DB for meeting record...
[2026-03-10T11:12:14.754][INFO][CONN-MANAGER] [session=0f383b26-5afd-4bf5-bfdd-671f9da1b76a] Transcription session registered as active for integration 'standalone'.
[2026-03-10T11:12:14.756][INFO][SESSION] [session=0f383b26-5afd-4bf5-bfdd-671f9da1b76a] Initializing session with languages: {'en'}
[2026-03-10T11:12:14.756][DEBUG][TIMESTAMP] [session=0f383b26-5afd-4bf5-bfdd-671f9da1b76a] TimestampService initialized. Session zero point set to 2026-03-10 11:12:14.737154.
[2026-03-10T11:12:14.768][DEBUG][TIMESTAMP] TimestampService initialized. Session zero point set to 2026-03-10 11:12:14.737154.
[2026-03-10T11:12:14.769][DEBUG][CONN-MANAGER] [session=0f383b26-5afd-4bf5-bfdd-671f9da1b76a] New viewer connecting (Language: en). Replaying 0 cached messages.
[2026-03-10T11:12:14.769][INFO][CONN-MANAGER] [session=0f383b26-5afd-4bf5-bfdd-671f9da1b76a] Viewer connected (Lang: en). Active Viewers: Total=1 [en=1]
[2026-03-10T11:12:14.769][DEBUG][WEBSOCKET] [session=0f383b26-5afd-4bf5-bfdd-671f9da1b76a] Viewer connected to session '0f383b26-5afd-4bf5-bfdd-671f9da1b76a' (Status: active) with language 'en'.
[2026-03-10T11:12:14.781][DEBUG][WEBSOCKET] [session=0f383b26-5afd-4bf5-bfdd-671f9da1b76a] Recorded attendee 21afa11a-1bbe-4b1a-88ab-fa12ee34cff3 for session 0f383b26-5afd-4bf5-bfdd-671f9da1b76a
[2026-03-10T11:12:14.951][DEBUG][SONIOX] [session=0f383b26-5afd-4bf5-bfdd-671f9da1b76a] Soniox service connected (Translation: {'type': 'one_way', 'target_language': 'en'}) | Hints: ['en']
[2026-03-10T11:12:14.974][DEBUG][SONIOX] [session=0f383b26-5afd-4bf5-bfdd-671f9da1b76a] Soniox service connected (Translation: {'type': 'one_way', 'target_language': 'en'}) | Hints: ['en']
[2026-03-10T11:12:14.974][DEBUG][SONIOX] Soniox stream finalized (session end).
[2026-03-10T11:12:14.978][INFO][WS-TRANSCRIBE] [session=0f383b26-5afd-4bf5-bfdd-671f9da1b76a] Using fallback zero point (start message missing): 2026-03-10 11:12:14.737154
[2026-03-10T11:12:16.976][INFO][WS-TRANSCRIBE] [session=0f383b26-5afd-4bf5-bfdd-671f9da1b76a] [speaker=Unknown] Received session_start. Resetting session zero point to 2026-03-10 11:12:16.976090.
[2026-03-10T11:12:19.371][DEBUG][UTTERANCE] [session=0f383b26-5afd-4bf5-bfdd-671f9da1b76a] [speaker=Unknown] [message_id=1_en] Starting pipeline for utterance (en).
[2026-03-10T11:12:19.372][DEBUG][TIMESTAMP] [session=0f383b26-5afd-4bf5-bfdd-671f9da1b76a] [speaker=Unknown] [message_id=1_en] Marked start for utterance: 1_en
[2026-03-10T11:12:19.374][DEBUG][SONIOX] [session=0f383b26-5afd-4bf5-bfdd-671f9da1b76a] [speaker=Unknown] [message_id=1_en] Received <end> token, sending final utterance result.
[2026-03-10T11:12:19.375][DEBUG][TIMESTAMP] [session=0f383b26-5afd-4bf5-bfdd-671f9da1b76a] [speaker=Unknown] [message_id=1_en] Completed utterance '1_en'. Timestamp: 00:00:03.900 --> 00:00:03.960
[2026-03-10T11:12:19.380][DEBUG][UTTERANCE] [session=0f383b26-5afd-4bf5-bfdd-671f9da1b76a] [speaker=Unknown] [message_id=1_en] Finished pipeline for utterance (en).
[2026-03-10T11:12:20.544][INFO][WS-TRANSCRIBE] [session=0f383b26-5afd-4bf5-bfdd-671f9da1b76a] [speaker=Unknown] Received session_end. Closing connection gracefully.
[2026-03-10T11:12:20.544][INFO][WS-TRANSCRIBE] Closing session 0f383b26-5afd-4bf5-bfdd-671f9da1b76a permanently.
[2026-03-10T11:12:20.556][DEBUG][SONIOX] Soniox stream finalized (session end).
[2026-03-10T11:12:20.624][DEBUG][SONIOX] [session=0f383b26-5afd-4bf5-bfdd-671f9da1b76a] [speaker=Unknown] Soniox signaled session finished.
[2026-03-10T11:12:21.663][INFO][VTT] [session=0f383b26-5afd-4bf5-bfdd-671f9da1b76a] Transcript VTT saved to output/standalone/0f383b26-5afd-4bf5-bfdd-671f9da1b76a/transcript_en.vtt. 1 entries.
[2026-03-10T11:12:21.727][DEBUG][VTT] [session=0f383b26-5afd-4bf5-bfdd-671f9da1b76a] Saved transcript record to DB for meeting 0f383b26-5afd-4bf5-bfdd-671f9da1b76a (Lang: en).
[2026-03-10T11:12:21.729][INFO][CACHE] [session=0f383b26-5afd-4bf5-bfdd-671f9da1b76a] Cleared Redis cache for language: en
[2026-03-10T11:12:21.731][INFO][CACHE] [session=0f383b26-5afd-4bf5-bfdd-671f9da1b76a] Cleared all Redis language caches for session
[2026-03-10T11:12:21.734][INFO][CONN-MANAGER] [session=0f383b26-5afd-4bf5-bfdd-671f9da1b76a] Transcription session deregistered for integration 'standalone'.
