[2026-02-25T15:11:11.743][INFO][CONN-MANAGER] [session=ee422727-3893-4715-937d-b2da4094df5c] Transcription session registered as active for integration 'standalone'.
[2026-02-25T15:11:11.745][INFO][SESSION] [session=ee422727-3893-4715-937d-b2da4094df5c] Initializing session with languages: {'en'}
[2026-02-25T15:11:11.745][DEBUG][TIMESTAMP] [session=ee422727-3893-4715-937d-b2da4094df5c] TimestampService initialized. Session zero point set to 2026-02-25 15:11:11.734562.
[2026-02-25T15:11:11.749][DEBUG][TIMESTAMP] TimestampService initialized. Session zero point set to 2026-02-25 15:11:11.734562.
[2026-02-25T15:11:11.750][DEBUG][CONN-MANAGER] [session=ee422727-3893-4715-937d-b2da4094df5c] New viewer connecting (Language: en). Replaying 0 cached messages.
[2026-02-25T15:11:11.750][INFO][CONN-MANAGER] [session=ee422727-3893-4715-937d-b2da4094df5c] Viewer connected (Lang: en). Active Viewers: Total=1 [en=1]
[2026-02-25T15:11:11.750][DEBUG][WEBSOCKET] [session=ee422727-3893-4715-937d-b2da4094df5c] Viewer connected to session 'ee422727-3893-4715-937d-b2da4094df5c' (Status: active) with language 'en'.
[2026-02-25T15:11:11.751][DEBUG][WS-TRANSCRIBE] [session=ee422727-3893-4715-937d-b2da4094df5c] Recorded attendee 21afa11a-1bbe-4b1a-88ab-fa12ee34cff3 for session ee422727-3893-4715-937d-b2da4094df5c
[2026-02-25T15:11:11.753][DEBUG][WEBSOCKET] [session=ee422727-3893-4715-937d-b2da4094df5c] Recorded attendee 21afa11a-1bbe-4b1a-88ab-fa12ee34cff3 for session ee422727-3893-4715-937d-b2da4094df5c
[2026-02-25T15:11:11.902][DEBUG][SONIOX] [session=ee422727-3893-4715-937d-b2da4094df5c] Soniox service connected (Translation: {'type': 'one_way', 'target_language': 'en'}) | Hints: ['en']
[2026-02-25T15:11:11.909][DEBUG][SONIOX] [session=ee422727-3893-4715-937d-b2da4094df5c] Soniox service connected (Translation: {'type': 'one_way', 'target_language': 'en'}) | Hints: ['en']
[2026-02-25T15:11:11.909][DEBUG][SONIOX] Soniox stream finalized (session end).
[2026-02-25T15:11:11.973][INFO][WS-TRANSCRIBE] [session=ee422727-3893-4715-937d-b2da4094df5c] Using fallback zero point (start message missing): 2026-02-25 15:11:11.734562
[2026-02-25T15:11:13.911][INFO][WS-TRANSCRIBE] [session=ee422727-3893-4715-937d-b2da4094df5c] [speaker=Unknown] Received session_start. Resetting session zero point to 2026-02-25 15:11:13.911384.
[2026-02-25T15:11:15.105][DEBUG][UTTERANCE] [session=ee422727-3893-4715-937d-b2da4094df5c] [speaker=Unknown] [message_id=1_en] Starting pipeline for utterance (en).
[2026-02-25T15:11:15.106][DEBUG][TIMESTAMP] [session=ee422727-3893-4715-937d-b2da4094df5c] [speaker=Unknown] [message_id=1_en] Marked start for utterance: 1_en
[2026-02-25T15:11:16.017][INFO][WS-TRANSCRIBE] [session=ee422727-3893-4715-937d-b2da4094df5c] [speaker=Unknown] Received session_end. Closing connection gracefully.
[2026-02-25T15:11:16.017][INFO][WS-TRANSCRIBE] Closing session ee422727-3893-4715-937d-b2da4094df5c permanently.
[2026-02-25T15:11:16.023][DEBUG][SONIOX] Soniox stream finalized (session end).
[2026-02-25T15:11:16.139][DEBUG][SONIOX] [session=ee422727-3893-4715-937d-b2da4094df5c] [speaker=Unknown] [message_id=1_en] Received <end> token, sending final utterance result.
[2026-02-25T15:11:16.139][DEBUG][TIMESTAMP] [session=ee422727-3893-4715-937d-b2da4094df5c] [speaker=Unknown] [message_id=1_en] Completed utterance '1_en'. Timestamp: 00:00:02.340 --> 00:00:03.120
[2026-02-25T15:11:16.144][DEBUG][UTTERANCE] [session=ee422727-3893-4715-937d-b2da4094df5c] [speaker=Unknown] [message_id=1_en] Finished pipeline for utterance (en).
[2026-02-25T15:11:16.144][DEBUG][SONIOX] [session=ee422727-3893-4715-937d-b2da4094df5c] [speaker=Unknown] Soniox signaled session finished.
[2026-02-25T15:11:17.216][INFO][VTT] [session=ee422727-3893-4715-937d-b2da4094df5c] Transcript VTT saved to output/standalone/ee422727-3893-4715-937d-b2da4094df5c/transcript_en.vtt. 1 entries.
[2026-02-25T15:11:17.223][DEBUG][VTT] [session=ee422727-3893-4715-937d-b2da4094df5c] Saved transcript record to DB for meeting ee422727-3893-4715-937d-b2da4094df5c (Lang: en).
[2026-02-25T15:11:17.224][INFO][CACHE] [session=ee422727-3893-4715-937d-b2da4094df5c] Cleared Redis cache for language: en
[2026-02-25T15:11:17.225][INFO][CACHE] [session=ee422727-3893-4715-937d-b2da4094df5c] Cleared all Redis language caches for session
[2026-02-25T15:11:17.229][INFO][CONN-MANAGER] [session=ee422727-3893-4715-937d-b2da4094df5c] Transcription session deregistered for integration 'standalone'.
